<?xml version="1.0" encoding="UTF-8"?>
<!-- Generated by org.testng.reporters.JUnitXMLReporter -->
<testsuite hostname="Dhanushri" name="Default test" tests="6" failures="0" timestamp="8 Mar 2019 14:35:53 GMT" time="0.129" errors="0">
  <testcase name="m1" time="0.016" classname="springwebapp.test.ATest"/>
  <testcase name="m2" time="0.0" classname="springwebapp.test.ATest"/>
  <testcase name="m3" time="0.0" classname="springwebapp.test.ATest"/>
  <testcase name="n1" time="0.0" classname="springwebapp.test.BTest"/>
  <testcase name="n2" time="0.0" classname="springwebapp.test.BTest">
    <skipped/>
  </testcase> <!-- n2 -->
  <testcase name="invalidUserName" time="0.017" classname="springwebapp.test.AutheticateTest"/>
</testsuite> <!-- Default test -->
