<?xml version="1.0" encoding="UTF-8"?>
<!-- Generated by org.testng.reporters.JUnitXMLReporter -->
<testsuite hostname="Dhanushri" name="Test" tests="4" failures="1" timestamp="8 Mar 2019 14:27:00 GMT" time="0.192" errors="0">
  <testcase name="n2" time="0.024" classname="springwebapp.test.BTest">
    <failure type="java.lang.ArithmeticException" message="/ by zero">
      <![CDATA[java.lang.ArithmeticException: / by zero
	at springwebapp.test.BTest.n2(BTest.java:34)
... Removed 24 stack frames]]>
    </failure>
  </testcase> <!-- n2 -->
  <testcase name="n3" time="0.004" classname="springwebapp.test.BTest"/>
  <testcase name="n1" time="0.0" classname="springwebapp.test.BTest">
    <skipped/>
  </testcase> <!-- n1 -->
  <testcase name="invalidUserName" time="0.012" classname="springwebapp.test.AutheticateTest"/>
</testsuite> <!-- Test -->
